<?xml version="1.0" encoding="UTF-8"?>
<!-- Generated by org.testng.reporters.JUnitReportReporter -->
<testsuite hostname="DESKTOP-0RGL27L" failures="0" tests="1" name="annotationPractice.Y" time="0.006" errors="0" timestamp="2022-04-17T21:38:54 IST" skipped="0">
  <testcase classname="annotationPractice.Y" name="m00" time="0.006"/>
  <system-out/>
</testsuite> <!-- annotationPractice.Y -->
