<?xml version="1.0" encoding="UTF-8"?>
<!-- Generated by org.testng.reporters.JUnitReportReporter -->
<testsuite hostname="DESKTOP-0RGL27L" failures="0" tests="8" name="offlineWebsite.TestCases3Dashboard" time="66.067" errors="0" timestamp="2022-04-18T01:45:34 IST" skipped="0">
  <testcase classname="offlineWebsite.TestCases3Dashboard" name="CheckMainMenuClick" time="9.491"/>
  <system-out/>
  <testcase classname="offlineWebsite.TestCases3Dashboard" name="CheckDashBoardMenu" time="6.289"/>
  <system-out/>
  <testcase classname="offlineWebsite.TestCases3Dashboard" name="CheckSubHeading" time="6.106"/>
  <system-out/>
  <testcase classname="offlineWebsite.TestCases3Dashboard" name="CheckTextCopyRight" time="6.635"/>
  <system-out/>
  <testcase classname="offlineWebsite.TestCases3Dashboard" name="CheckTextDesign" time="10.123"/>
  <system-out/>
  <testcase classname="offlineWebsite.TestCases3Dashboard" name="CheckTextHeader" time="7.631"/>
  <system-out/>
  <testcase classname="offlineWebsite.TestCases3Dashboard" name="CheckDownloadsClick" time="10.251"/>
  <system-out/>
  <testcase classname="offlineWebsite.TestCases3Dashboard" name="CheckUsefulLinkClick" time="9.541"/>
  <system-out/>
</testsuite> <!-- offlineWebsite.TestCases3Dashboard -->
