<?xml version="1.0" encoding="UTF-8"?>
<!-- Generated by org.testng.reporters.JUnitReportReporter -->
<testsuite hostname="DESKTOP-0RGL27L" failures="0" tests="7" name="offlineWebsite.TestCases4UsersPage" time="64.137" errors="0" timestamp="2022-04-18T01:45:34 IST" skipped="0">
  <testcase classname="offlineWebsite.TestCases4UsersPage" name="sendKeysAlert" time="7.586"/>
  <system-out/>
  <testcase classname="offlineWebsite.TestCases4UsersPage" name="checkUsersClick" time="8.540"/>
  <system-out/>
  <testcase classname="offlineWebsite.TestCases4UsersPage" name="checkUserTableHeader" time="11.266"/>
  <system-out/>
  <testcase classname="offlineWebsite.TestCases4UsersPage" name="checkUserTableData" time="11.823"/>
  <system-out/>
  <testcase classname="offlineWebsite.TestCases4UsersPage" name="checkDeleteButton" time="6.247"/>
  <system-out/>
  <testcase classname="offlineWebsite.TestCases4UsersPage" name="checkMobNumberLength" time="10.705"/>
  <system-out/>
  <testcase classname="offlineWebsite.TestCases4UsersPage" name="check_AtTheRate_InMailId" time="7.970"/>
  <system-out/>
</testsuite> <!-- offlineWebsite.TestCases4UsersPage -->
