<?xml version="1.0" encoding="UTF-8"?>
<!-- Generated by org.testng.reporters.JUnitReportReporter -->
<testsuite hostname="DESKTOP-0RGL27L" failures="0" tests="1" name="annotationPractice.Z" time="0.008" errors="0" timestamp="2022-04-17T21:27:52 IST" skipped="0">
  <testcase classname="annotationPractice.Z" name="m000" time="0.008"/>
  <system-out/>
</testsuite> <!-- annotationPractice.Z -->
