<?xml version="1.0" encoding="UTF-8"?>
<!-- Generated by org.testng.reporters.JUnitReportReporter -->
<testsuite hostname="DESKTOP-0RGL27L" failures="0" tests="1" name="dataProvider.LoginWithDP" time="5.823" errors="0" timestamp="2022-05-08T00:19:19 IST" skipped="0">
  <testcase classname="dataProvider.LoginWithDP" name="loginWithDP" time="5.823"/>
  <system-out/>
</testsuite> <!-- dataProvider.LoginWithDP -->
