<?xml version="1.0" encoding="UTF-8"?>
<!-- Generated by org.testng.reporters.JUnitReportReporter -->
<testsuite hostname="DESKTOP-0RGL27L" failures="0" tests="1" name="annotationPractice.X" time="0.020" errors="0" timestamp="2022-04-17T21:38:54 IST" skipped="0">
  <testcase classname="annotationPractice.X" name="m1" time="0.020"/>
  <system-out/>
</testsuite> <!-- annotationPractice.X -->
